<?xml version="1.0" encoding="UTF-8"?>
<!-- Generated by org.testng.reporters.JUnitReportReporter -->
<testsuite hostname="DESKTOP-L8VSLEH" failures="0" tests="1" name="Testcases.McaseWorkspaceTestcase" time="3.036" errors="0" timestamp="2024-02-14T12:47:08 IST" skipped="0">
  <testcase classname="Testcases.McaseWorkspaceTestcase" name="addRecord" time="3.036">
    <system-out>
      <![CDATA[Clicked on Add Record button]]>
    </system-out>
  </testcase> <!-- addRecord -->
  <system-out>
    <![CDATA[Login is successful
Navigated to NHBP Person workspace
Clicked on Add Record button
Demographic is done]]>
  </system-out>
</testsuite> <!-- Testcases.McaseWorkspaceTestcase -->
