<?xml version="1.0" encoding="UTF-8"?>
<!-- Generated by org.testng.reporters.JUnitReportReporter -->
<testsuite hostname="DESKTOP-L8VSLEH" failures="0" tests="5" name="Testcases.RadmaneFlow" time="76.955" errors="0" timestamp="2023-09-28T21:46:00 IST" skipped="0">
  <testcase classname="Testcases.RadmaneFlow" name="testRamaneFlow" time="30.183"/>
  <testcase classname="Testcases.RadmaneFlow" name="navigateToRegisterPage" time="10.368"/>
  <testcase classname="Testcases.RadmaneFlow" name="searchPerson" time="7.340"/>
  <testcase classname="Testcases.RadmaneFlow" name="registerPerson" time="25.810"/>
  <testcase classname="Testcases.RadmaneFlow" name="clientOutcomes" time="3.254"/>
</testsuite> <!-- Testcases.RadmaneFlow -->
