<?xml version="1.0" encoding="UTF-8"?>
<!-- Generated by org.testng.reporters.JUnitReportReporter -->
<testsuite hostname="DESKTOP-L8VSLEH" failures="0" tests="1" name="Testcases.TestcaseLoginPage" time="7.017" errors="0" timestamp="2024-02-14T14:30:45 IST" skipped="0">
  <testcase classname="Testcases.TestcaseLoginPage" name="login" time="7.017"/>
</testsuite> <!-- Testcases.TestcaseLoginPage -->
