<?xml version="1.0" encoding="UTF-8"?>
<!-- Generated by org.testng.reporters.JUnitReportReporter -->
<testsuite hostname="DESKTOP-L8VSLEH" failures="0" tests="1" name="Testcases.McaseDemographicTestcase" time="23.454" errors="0" timestamp="2024-02-14T12:47:08 IST" skipped="0">
  <testcase classname="Testcases.McaseDemographicTestcase" name="fillDemographicInfo" time="23.454">
    <system-out>
      <![CDATA[Demographic is done]]>
    </system-out>
  </testcase> <!-- fillDemographicInfo -->
  <system-out>
    <![CDATA[Login is successful
Navigated to NHBP Person workspace
Clicked on Add Record button
Demographic is done]]>
  </system-out>
</testsuite> <!-- Testcases.McaseDemographicTestcase -->
