<?xml version="1.0" encoding="UTF-8"?>
<!-- Generated by org.testng.reporters.JUnitReportReporter -->
<testsuite hostname="DESKTOP-L8VSLEH" failures="0" tests="1" name="Testcases.McaseHomeTestcase" time="4.210" errors="0" timestamp="2024-02-14T12:47:08 IST" skipped="0">
  <testcase classname="Testcases.McaseHomeTestcase" name="navigateToWorkspace" time="4.210">
    <system-out>
      <![CDATA[Navigated to NHBP Person workspace]]>
    </system-out>
  </testcase> <!-- navigateToWorkspace -->
  <system-out>
    <![CDATA[Login is successful
Navigated to NHBP Person workspace
Clicked on Add Record button
Demographic is done]]>
  </system-out>
</testsuite> <!-- Testcases.McaseHomeTestcase -->
